<?xml version="1.0" encoding="UTF-8"?>
<!-- Generated by org.testng.reporters.JUnitXMLReporter -->
<testsuite hostname="DESKTOP-4FTJ60U" name="Default test" tests="11" failures="0" timestamp="4 Jul 2020 05:59:01 GMT" time="0.072" errors="0">
  <testcase name="CAR" time="0.008" classname="testing.Testng1"/>
  <testcase name="Fuel" time="0.008" classname="testing.Testng1"/>
  <testcase name="Hyderabad" time="0.0" classname="testing.Testng1"/>
  <testcase name="Theatre" time="0.0" classname="testing.Testng1"/>
  <testcase name="games" time="0.008" classname="testing.Testng1"/>
  <testcase name="halt" time="0.008" classname="testing.Testng1"/>
  <testcase name="hostel" time="0.008" classname="testing.Testng1"/>
  <testcase name="meetings" time="0.0" classname="testing.Testng1"/>
  <testcase name="relatives" time="0.0" classname="testing.Testng1"/>
  <testcase name="restaurant" time="0.0" classname="testing.Testng1"/>
  <testcase name="shopping" time="0.0" classname="testing.Testng1"/>
</testsuite> <!-- Default test -->
