<?xml version="1.0" encoding="UTF-8"?>
<!-- Generated by org.testng.reporters.JUnitXMLReporter -->
<testsuite hostname="DESKTOP-4FTJ60U" name="avileap" tests="10" failures="0" timestamp="4 Jul 2020 12:11:54 GMT" time="0.079" errors="0">
  <testcase name="hostel" time="0.006" classname="testing.Testng1"/>
  <testcase name="games" time="0.002" classname="testing.Testng1"/>
  <testcase name="shopping" time="0.002" classname="testing.Testng1"/>
  <testcase name="relatives" time="0.003" classname="testing.Testng1"/>
  <testcase name="CAR" time="0.003" classname="testing.Testng1"/>
  <testcase name="restaurant" time="0.005" classname="testing.Testng1"/>
  <testcase name="flight" time="0.002" classname="testing.testng2"/>
  <testcase name="indigo" time="0.003" classname="testing.testng2"/>
  <testcase name="spicejet" time="0.002" classname="testing.testng2"/>
  <testcase name="airasia" time="0.002" classname="testing.testng2"/>
</testsuite> <!-- avileap -->
